<w> [webpack.cache.PackFileCacheStrategy/webpack.FileSystemInfo] Managed item /home/alvee/Desktop/watch-party-companion/node_modules/@next/swc-win32-x64-msvc isn't a directory or doesn't contain a package.json (see snapshot.managedPaths option)
<w> [webpack.cache.PackFileCacheStrategy/webpack.FileSystemInfo] Managed item /home/alvee/Desktop/watch-party-companion/node_modules/@next/swc-linux-arm64-musl isn't a directory or doesn't contain a package.json (see snapshot.managedPaths option)
<w> [webpack.cache.PackFileCacheStrategy/webpack.FileSystemInfo] Managed item /home/alvee/Desktop/watch-party-companion/node_modules/@next/swc-win32-ia32-msvc isn't a directory or doesn't contain a package.json (see snapshot.managedPaths option)
<w> [webpack.cache.PackFileCacheStrategy/webpack.FileSystemInfo] Managed item /home/alvee/Desktop/watch-party-companion/node_modules/@next/swc-win32-arm64-msvc isn't a directory or doesn't contain a package.json (see snapshot.managedPaths option)
<w> [webpack.cache.PackFileCacheStrategy/webpack.FileSystemInfo] Managed item /home/alvee/Desktop/watch-party-companion/node_modules/@next/swc-darwin-x64 isn't a directory or doesn't contain a package.json (see snapshot.managedPaths option)
<w> [webpack.cache.PackFileCacheStrategy/webpack.FileSystemInfo] Managed item /home/alvee/Desktop/watch-party-companion/node_modules/@next/swc-linux-arm64-gnu isn't a directory or doesn't contain a package.json (see snapshot.managedPaths option)
<w> [webpack.cache.PackFileCacheStrategy/webpack.FileSystemInfo] Managed item /home/alvee/Desktop/watch-party-companion/node_modules/@next/swc-darwin-arm64 isn't a directory or doesn't contain a package.json (see snapshot.managedPaths option)
<w> [webpack.cache.PackFileCacheStrategy/webpack.FileSystemInfo] Managed item /home/alvee/Desktop/watch-party-companion/node_modules/@next/swc-win32-x64-msvc isn't a directory or doesn't contain a package.json (see snapshot.managedPaths option)
<w> [webpack.cache.PackFileCacheStrategy/webpack.FileSystemInfo] Managed item /home/alvee/Desktop/watch-party-companion/node_modules/@next/swc-win32-ia32-msvc isn't a directory or doesn't contain a package.json (see snapshot.managedPaths option)
<w> [webpack.cache.PackFileCacheStrategy/webpack.FileSystemInfo] Managed item /home/alvee/Desktop/watch-party-companion/node_modules/@next/swc-win32-arm64-msvc isn't a directory or doesn't contain a package.json (see snapshot.managedPaths option)
<w> [webpack.cache.PackFileCacheStrategy/webpack.FileSystemInfo] Managed item /home/alvee/Desktop/watch-party-companion/node_modules/@next/swc-linux-arm64-gnu isn't a directory or doesn't contain a package.json (see snapshot.managedPaths option)
<w> [webpack.cache.PackFileCacheStrategy/webpack.FileSystemInfo] Managed item /home/alvee/Desktop/watch-party-companion/node_modules/@next/swc-linux-arm64-musl isn't a directory or doesn't contain a package.json (see snapshot.managedPaths option)
<w> [webpack.cache.PackFileCacheStrategy/webpack.FileSystemInfo] Managed item /home/alvee/Desktop/watch-party-companion/node_modules/@next/swc-darwin-x64 isn't a directory or doesn't contain a package.json (see snapshot.managedPaths option)
<w> [webpack.cache.PackFileCacheStrategy/webpack.FileSystemInfo] Managed item /home/alvee/Desktop/watch-party-companion/node_modules/@next/swc-darwin-arm64 isn't a directory or doesn't contain a package.json (see snapshot.managedPaths option)
 [31m[1m⨯[22m[39m ReferenceError: File is not defined
    at eval (webpack-internal:///(rsc)/./node_modules/undici/lib/web/webidl/index.js:531:48)
    at (rsc)/./node_modules/undici/lib/web/webidl/index.js (/home/alvee/Desktop/watch-party-companion/.next/server/vendor-chunks/undici.js:930:1)
    at __webpack_require__ (/home/alvee/Desktop/watch-party-companion/.next/server/webpack-runtime.js:33:42)
    at eval (webpack-internal:///(rsc)/./node_modules/undici/lib/web/fetch/util.js:12:20)
    at (rsc)/./node_modules/undici/lib/web/fetch/util.js (/home/alvee/Desktop/watch-party-companion/.next/server/vendor-chunks/undici.js:910:1)
    at __webpack_require__ (/home/alvee/Desktop/watch-party-companion/.next/server/webpack-runtime.js:33:42)
    at eval (webpack-internal:///(rsc)/./node_modules/undici/lib/web/fetch/headers.js:11:5)
    at (rsc)/./node_modules/undici/lib/web/fetch/headers.js (/home/alvee/Desktop/watch-party-companion/.next/server/vendor-chunks/undici.js:870:1)
    at __webpack_require__ (/home/alvee/Desktop/watch-party-companion/.next/server/webpack-runtime.js:33:42)
    at eval (webpack-internal:///(rsc)/./node_modules/undici/lib/web/fetch/response.js:3:90)
    at (rsc)/./node_modules/undici/lib/web/fetch/response.js (/home/alvee/Desktop/watch-party-companion/.next/server/vendor-chunks/undici.js:900:1)
    at __webpack_require__ (/home/alvee/Desktop/watch-party-companion/.next/server/webpack-runtime.js:33:42)
    at eval (webpack-internal:///(rsc)/./node_modules/undici/lib/web/fetch/index.js:12:5)
    at (rsc)/./node_modules/undici/lib/web/fetch/index.js (/home/alvee/Desktop/watch-party-companion/.next/server/vendor-chunks/undici.js:880:1)
    at __webpack_require__ (/home/alvee/Desktop/watch-party-companion/.next/server/webpack-runtime.js:33:42)
    at eval (webpack-internal:///(rsc)/./node_modules/undici/index.js:119:20)
    at (rsc)/./node_modules/undici/index.js (/home/alvee/Desktop/watch-party-companion/.next/server/vendor-chunks/undici.js:20:1)
    at __webpack_require__ (/home/alvee/Desktop/watch-party-companion/.next/server/webpack-runtime.js:33:42)
    at eval (webpack-internal:///(rsc)/./node_modules/cheerio/dist/esm/index.js:17:64)
    at (rsc)/./node_modules/cheerio/dist/esm/index.js (/home/alvee/Desktop/watch-party-companion/.next/server/vendor-chunks/cheerio.js:90:1)
    at __webpack_require__ (/home/alvee/Desktop/watch-party-companion/.next/server/webpack-runtime.js:33:42)
    at eval (webpack-internal:///(rsc)/./src/app/api/himovies/movies/route.ts:7:65)
    at (rsc)/./src/app/api/himovies/movies/route.ts (/home/alvee/Desktop/watch-party-companion/.next/server/app/api/himovies/movies/route.js:442:1)
    at __webpack_require__ (/home/alvee/Desktop/watch-party-companion/.next/server/webpack-runtime.js:33:42)
    at eval (webpack-internal:///(rsc)/./node_modules/next/dist/build/webpack/loaders/next-app-loader.js?name=app%2Fapi%2Fhimovies%2Fmovies%2Froute&page=%2Fapi%2Fhimovies%2Fmovies%2Froute&appPaths=&pagePath=private-next-app-dir%2Fapi%2Fhimovies%2Fmovies%2Froute.ts&appDir=%2Fhome%2Falvee%2FDesktop%2Fwatch-party-companion%2Fsrc%2Fapp&pageExtensions=tsx&pageExtensions=ts&pageExtensions=jsx&pageExtensions=js&rootDir=%2Fhome%2Falvee%2FDesktop%2Fwatch-party-companion&isDev=true&tsconfigPath=tsconfig.json&basePath=&assetPrefix=&nextConfigOutput=&preferredRegion=&middlewareConfig=e30%3D!:15:136)
    at (rsc)/./node_modules/next/dist/build/webpack/loaders/next-app-loader.js?name=app%2Fapi%2Fhimovies%2Fmovies%2Froute&page=%2Fapi%2Fhimovies%2Fmovies%2Froute&appPaths=&pagePath=private-next-app-dir%2Fapi%2Fhimovies%2Fmovies%2Froute.ts&appDir=%2Fhome%2Falvee%2FDesktop%2Fwatch-party-companion%2Fsrc%2Fapp&pageExtensions=tsx&pageExtensions=ts&pageExtensions=jsx&pageExtensions=js&rootDir=%2Fhome%2Falvee%2FDesktop%2Fwatch-party-companion&isDev=true&tsconfigPath=tsconfig.json&basePath=&assetPrefix=&nextConfigOutput=&preferredRegion=&middlewareConfig=e30%3D! (/home/alvee/Desktop/watch-party-companion/.next/server/app/api/himovies/movies/route.js:432:1)
    at __webpack_require__ (/home/alvee/Desktop/watch-party-companion/.next/server/webpack-runtime.js:33:42)
    at __webpack_exec__ (/home/alvee/Desktop/watch-party-companion/.next/server/app/api/himovies/movies/route.js:452:39)
    at /home/alvee/Desktop/watch-party-companion/.next/server/app/api/himovies/movies/route.js:453:1459
    at __webpack_require__.X (/home/alvee/Desktop/watch-party-companion/.next/server/webpack-runtime.js:133:21)
    at /home/alvee/Desktop/watch-party-companion/.next/server/app/api/himovies/movies/route.js:453:47
    at Object.<anonymous> (/home/alvee/Desktop/watch-party-companion/.next/server/app/api/himovies/movies/route.js:456:3)
    at Module._compile (node:internal/modules/cjs/loader:1364:14)
    at Module._extensions..js (node:internal/modules/cjs/loader:1422:10)
    at Module.load (node:internal/modules/cjs/loader:1203:32)
    at Module._load (node:internal/modules/cjs/loader:1019:12)
    at Module.require (node:internal/modules/cjs/loader:1231:19)
    at mod.require (/home/alvee/Desktop/watch-party-companion/node_modules/next/dist/server/require-hook.js:65:28)
    at require (node:internal/modules/helpers:177:18)
    at requirePage (/home/alvee/Desktop/watch-party-companion/node_modules/next/dist/server/require.js:109:84)
    at /home/alvee/Desktop/watch-party-companion/node_modules/next/dist/server/load-components.js:103:84
    at async loadComponentsImpl (/home/alvee/Desktop/watch-party-companion/node_modules/next/dist/server/load-components.js:103:26)
    at async DevServer.findPageComponentsImpl (/home/alvee/Desktop/watch-party-companion/node_modules/next/dist/server/next-server.js:714:36)
    at async DevServer.findPageComponents (/home/alvee/Desktop/watch-party-companion/node_modules/next/dist/server/dev/next-dev-server.js:577:20)
    at async DevServer.renderPageComponent (/home/alvee/Desktop/watch-party-companion/node_modules/next/dist/server/base-server.js:1910:24)
    at async DevServer.renderToResponseImpl (/home/alvee/Desktop/watch-party-companion/node_modules/next/dist/server/base-server.js:1962:32)
    at async DevServer.pipeImpl (/home/alvee/Desktop/watch-party-companion/node_modules/next/dist/server/base-server.js:922:25)
    at async NextNodeServer.handleCatchallRenderRequest (/home/alvee/Desktop/watch-party-companion/node_modules/next/dist/server/next-server.js:272:17)
    at async DevServer.handleRequestImpl (/home/alvee/Desktop/watch-party-companion/node_modules/next/dist/server/base-server.js:818:17)
    at async /home/alvee/Desktop/watch-party-companion/node_modules/next/dist/server/dev/next-dev-server.js:339:20 {
  page: '/api/himovies/movies'
}
 [33m[1m⚠[22m[39m Fast Refresh had to perform a full reload due to a runtime error.
 [31m[1m⨯[22m[39m ReferenceError: File is not defined
    at eval (webpack-internal:///(rsc)/./node_modules/undici/lib/web/webidl/index.js:531:48)
    at (rsc)/./node_modules/undici/lib/web/webidl/index.js (/home/alvee/Desktop/watch-party-companion/.next/server/vendor-chunks/undici.js:930:1)
    at __webpack_require__ (/home/alvee/Desktop/watch-party-companion/.next/server/webpack-runtime.js:33:43)
    at eval (webpack-internal:///(rsc)/./node_modules/undici/lib/web/fetch/util.js:12:20)
    at (rsc)/./node_modules/undici/lib/web/fetch/util.js (/home/alvee/Desktop/watch-party-companion/.next/server/vendor-chunks/undici.js:910:1)
    at __webpack_require__ (/home/alvee/Desktop/watch-party-companion/.next/server/webpack-runtime.js:33:43)
    at eval (webpack-internal:///(rsc)/./node_modules/undici/lib/web/fetch/headers.js:11:5)
    at (rsc)/./node_modules/undici/lib/web/fetch/headers.js (/home/alvee/Desktop/watch-party-companion/.next/server/vendor-chunks/undici.js:870:1)
    at __webpack_require__ (/home/alvee/Desktop/watch-party-companion/.next/server/webpack-runtime.js:33:43)
    at eval (webpack-internal:///(rsc)/./node_modules/undici/lib/web/fetch/response.js:3:90)
    at (rsc)/./node_modules/undici/lib/web/fetch/response.js (/home/alvee/Desktop/watch-party-companion/.next/server/vendor-chunks/undici.js:900:1)
    at __webpack_require__ (/home/alvee/Desktop/watch-party-companion/.next/server/webpack-runtime.js:33:43)
    at eval (webpack-internal:///(rsc)/./node_modules/undici/lib/web/fetch/index.js:12:5)
    at (rsc)/./node_modules/undici/lib/web/fetch/index.js (/home/alvee/Desktop/watch-party-companion/.next/server/vendor-chunks/undici.js:880:1)
    at __webpack_require__ (/home/alvee/Desktop/watch-party-companion/.next/server/webpack-runtime.js:33:43)
    at eval (webpack-internal:///(rsc)/./node_modules/undici/index.js:119:20)
    at (rsc)/./node_modules/undici/index.js (/home/alvee/Desktop/watch-party-companion/.next/server/vendor-chunks/undici.js:20:1)
    at __webpack_require__ (/home/alvee/Desktop/watch-party-companion/.next/server/webpack-runtime.js:33:43)
    at eval (webpack-internal:///(rsc)/./node_modules/cheerio/dist/esm/index.js:17:64)
    at (rsc)/./node_modules/cheerio/dist/esm/index.js (/home/alvee/Desktop/watch-party-companion/.next/server/vendor-chunks/cheerio.js:90:1)
    at __webpack_require__ (/home/alvee/Desktop/watch-party-companion/.next/server/webpack-runtime.js:33:43)
    at eval (webpack-internal:///(rsc)/./src/app/api/himovies/movies/route.ts:7:65)
    at (rsc)/./src/app/api/himovies/movies/route.ts (/home/alvee/Desktop/watch-party-companion/.next/server/app/api/himovies/movies/route.js:442:1)
    at __webpack_require__ (/home/alvee/Desktop/watch-party-companion/.next/server/webpack-runtime.js:33:43)
    at eval (webpack-internal:///(rsc)/./node_modules/next/dist/build/webpack/loaders/next-app-loader.js?name=app%2Fapi%2Fhimovies%2Fmovies%2Froute&page=%2Fapi%2Fhimovies%2Fmovies%2Froute&appPaths=&pagePath=private-next-app-dir%2Fapi%2Fhimovies%2Fmovies%2Froute.ts&appDir=%2Fhome%2Falvee%2FDesktop%2Fwatch-party-companion%2Fsrc%2Fapp&pageExtensions=tsx&pageExtensions=ts&pageExtensions=jsx&pageExtensions=js&rootDir=%2Fhome%2Falvee%2FDesktop%2Fwatch-party-companion&isDev=true&tsconfigPath=tsconfig.json&basePath=&assetPrefix=&nextConfigOutput=&preferredRegion=&middlewareConfig=e30%3D!:15:136)
    at (rsc)/./node_modules/next/dist/build/webpack/loaders/next-app-loader.js?name=app%2Fapi%2Fhimovies%2Fmovies%2Froute&page=%2Fapi%2Fhimovies%2Fmovies%2Froute&appPaths=&pagePath=private-next-app-dir%2Fapi%2Fhimovies%2Fmovies%2Froute.ts&appDir=%2Fhome%2Falvee%2FDesktop%2Fwatch-party-companion%2Fsrc%2Fapp&pageExtensions=tsx&pageExtensions=ts&pageExtensions=jsx&pageExtensions=js&rootDir=%2Fhome%2Falvee%2FDesktop%2Fwatch-party-companion&isDev=true&tsconfigPath=tsconfig.json&basePath=&assetPrefix=&nextConfigOutput=&preferredRegion=&middlewareConfig=e30%3D! (/home/alvee/Desktop/watch-party-companion/.next/server/app/api/himovies/movies/route.js:432:1)
    at __webpack_require__ (/home/alvee/Desktop/watch-party-companion/.next/server/webpack-runtime.js:33:43)
    at __webpack_exec__ (/home/alvee/Desktop/watch-party-companion/.next/server/app/api/himovies/movies/route.js:452:39)
    at /home/alvee/Desktop/watch-party-companion/.next/server/app/api/himovies/movies/route.js:453:1459
    at __webpack_require__.X (/home/alvee/Desktop/watch-party-companion/.next/server/webpack-runtime.js:168:21)
    at /home/alvee/Desktop/watch-party-companion/.next/server/app/api/himovies/movies/route.js:453:47
    at Object.<anonymous> (/home/alvee/Desktop/watch-party-companion/.next/server/app/api/himovies/movies/route.js:456:3)
    at Module._compile (node:internal/modules/cjs/loader:1364:14)
    at Module._extensions..js (node:internal/modules/cjs/loader:1422:10)
    at Module.load (node:internal/modules/cjs/loader:1203:32)
    at Module._load (node:internal/modules/cjs/loader:1019:12)
    at Module.require (node:internal/modules/cjs/loader:1231:19)
    at mod.require (/home/alvee/Desktop/watch-party-companion/node_modules/next/dist/server/require-hook.js:65:28)
    at require (node:internal/modules/helpers:177:18)
    at requirePage (/home/alvee/Desktop/watch-party-companion/node_modules/next/dist/server/require.js:109:84)
    at /home/alvee/Desktop/watch-party-companion/node_modules/next/dist/server/load-components.js:103:84
    at async loadComponentsImpl (/home/alvee/Desktop/watch-party-companion/node_modules/next/dist/server/load-components.js:103:26)
    at async DevServer.findPageComponentsImpl (/home/alvee/Desktop/watch-party-companion/node_modules/next/dist/server/next-server.js:714:36)
    at async DevServer.findPageComponents (/home/alvee/Desktop/watch-party-companion/node_modules/next/dist/server/dev/next-dev-server.js:577:20)
    at async DevServer.renderPageComponent (/home/alvee/Desktop/watch-party-companion/node_modules/next/dist/server/base-server.js:1910:24)
    at async DevServer.renderToResponseImpl (/home/alvee/Desktop/watch-party-companion/node_modules/next/dist/server/base-server.js:1962:32)
    at async DevServer.pipeImpl (/home/alvee/Desktop/watch-party-companion/node_modules/next/dist/server/base-server.js:922:25)
    at async NextNodeServer.handleCatchallRenderRequest (/home/alvee/Desktop/watch-party-companion/node_modules/next/dist/server/next-server.js:272:17)
    at async DevServer.handleRequestImpl (/home/alvee/Desktop/watch-party-companion/node_modules/next/dist/server/base-server.js:818:17)
    at async /home/alvee/Desktop/watch-party-companion/node_modules/next/dist/server/dev/next-dev-server.js:339:20 {
  page: '/api/himovies/movies'
}
 [33m[1m⚠[22m[39m Fast Refresh had to perform a full reload due to a runtime error.
 [33m[1m⚠[22m[39m Fast Refresh had to perform a full reload due to a runtime error.
 [31m[1m⨯[22m[39m ReferenceError: File is not defined
    at eval (webpack-internal:///(rsc)/./node_modules/undici/lib/web/webidl/index.js:531:48)
    at (rsc)/./node_modules/undici/lib/web/webidl/index.js (/home/alvee/Desktop/watch-party-companion/.next/server/vendor-chunks/undici.js:930:1)
    at __webpack_require__ (/home/alvee/Desktop/watch-party-companion/.next/server/webpack-runtime.js:33:43)
    at eval (webpack-internal:///(rsc)/./node_modules/undici/lib/web/fetch/util.js:12:20)
    at (rsc)/./node_modules/undici/lib/web/fetch/util.js (/home/alvee/Desktop/watch-party-companion/.next/server/vendor-chunks/undici.js:910:1)
    at __webpack_require__ (/home/alvee/Desktop/watch-party-companion/.next/server/webpack-runtime.js:33:43)
    at eval (webpack-internal:///(rsc)/./node_modules/undici/lib/web/fetch/headers.js:11:5)
    at (rsc)/./node_modules/undici/lib/web/fetch/headers.js (/home/alvee/Desktop/watch-party-companion/.next/server/vendor-chunks/undici.js:870:1)
    at __webpack_require__ (/home/alvee/Desktop/watch-party-companion/.next/server/webpack-runtime.js:33:43)
    at eval (webpack-internal:///(rsc)/./node_modules/undici/lib/web/fetch/response.js:3:90)
    at (rsc)/./node_modules/undici/lib/web/fetch/response.js (/home/alvee/Desktop/watch-party-companion/.next/server/vendor-chunks/undici.js:900:1)
    at __webpack_require__ (/home/alvee/Desktop/watch-party-companion/.next/server/webpack-runtime.js:33:43)
    at eval (webpack-internal:///(rsc)/./node_modules/undici/lib/web/fetch/index.js:12:5)
    at (rsc)/./node_modules/undici/lib/web/fetch/index.js (/home/alvee/Desktop/watch-party-companion/.next/server/vendor-chunks/undici.js:880:1)
    at __webpack_require__ (/home/alvee/Desktop/watch-party-companion/.next/server/webpack-runtime.js:33:43)
    at eval (webpack-internal:///(rsc)/./node_modules/undici/index.js:119:20)
    at (rsc)/./node_modules/undici/index.js (/home/alvee/Desktop/watch-party-companion/.next/server/vendor-chunks/undici.js:20:1)
    at __webpack_require__ (/home/alvee/Desktop/watch-party-companion/.next/server/webpack-runtime.js:33:43)
    at eval (webpack-internal:///(rsc)/./node_modules/cheerio/dist/esm/index.js:17:64)
    at (rsc)/./node_modules/cheerio/dist/esm/index.js (/home/alvee/Desktop/watch-party-companion/.next/server/vendor-chunks/cheerio.js:90:1)
    at __webpack_require__ (/home/alvee/Desktop/watch-party-companion/.next/server/webpack-runtime.js:33:43)
    at eval (webpack-internal:///(rsc)/./src/app/api/himovies/movies/route.ts:7:65)
    at (rsc)/./src/app/api/himovies/movies/route.ts (/home/alvee/Desktop/watch-party-companion/.next/server/app/api/himovies/movies/route.js:442:1)
    at __webpack_require__ (/home/alvee/Desktop/watch-party-companion/.next/server/webpack-runtime.js:33:43)
    at eval (webpack-internal:///(rsc)/./node_modules/next/dist/build/webpack/loaders/next-app-loader.js?name=app%2Fapi%2Fhimovies%2Fmovies%2Froute&page=%2Fapi%2Fhimovies%2Fmovies%2Froute&appPaths=&pagePath=private-next-app-dir%2Fapi%2Fhimovies%2Fmovies%2Froute.ts&appDir=%2Fhome%2Falvee%2FDesktop%2Fwatch-party-companion%2Fsrc%2Fapp&pageExtensions=tsx&pageExtensions=ts&pageExtensions=jsx&pageExtensions=js&rootDir=%2Fhome%2Falvee%2FDesktop%2Fwatch-party-companion&isDev=true&tsconfigPath=tsconfig.json&basePath=&assetPrefix=&nextConfigOutput=&preferredRegion=&middlewareConfig=e30%3D!:15:136)
    at (rsc)/./node_modules/next/dist/build/webpack/loaders/next-app-loader.js?name=app%2Fapi%2Fhimovies%2Fmovies%2Froute&page=%2Fapi%2Fhimovies%2Fmovies%2Froute&appPaths=&pagePath=private-next-app-dir%2Fapi%2Fhimovies%2Fmovies%2Froute.ts&appDir=%2Fhome%2Falvee%2FDesktop%2Fwatch-party-companion%2Fsrc%2Fapp&pageExtensions=tsx&pageExtensions=ts&pageExtensions=jsx&pageExtensions=js&rootDir=%2Fhome%2Falvee%2FDesktop%2Fwatch-party-companion&isDev=true&tsconfigPath=tsconfig.json&basePath=&assetPrefix=&nextConfigOutput=&preferredRegion=&middlewareConfig=e30%3D! (/home/alvee/Desktop/watch-party-companion/.next/server/app/api/himovies/movies/route.js:432:1)
    at __webpack_require__ (/home/alvee/Desktop/watch-party-companion/.next/server/webpack-runtime.js:33:43)
    at __webpack_exec__ (/home/alvee/Desktop/watch-party-companion/.next/server/app/api/himovies/movies/route.js:452:39)
    at /home/alvee/Desktop/watch-party-companion/.next/server/app/api/himovies/movies/route.js:453:1459
    at __webpack_require__.X (/home/alvee/Desktop/watch-party-companion/.next/server/webpack-runtime.js:168:21)
    at /home/alvee/Desktop/watch-party-companion/.next/server/app/api/himovies/movies/route.js:453:47
    at Object.<anonymous> (/home/alvee/Desktop/watch-party-companion/.next/server/app/api/himovies/movies/route.js:456:3)
    at Module._compile (node:internal/modules/cjs/loader:1364:14)
    at Module._extensions..js (node:internal/modules/cjs/loader:1422:10)
    at Module.load (node:internal/modules/cjs/loader:1203:32)
    at Module._load (node:internal/modules/cjs/loader:1019:12)
    at Module.require (node:internal/modules/cjs/loader:1231:19)
    at mod.require (/home/alvee/Desktop/watch-party-companion/node_modules/next/dist/server/require-hook.js:65:28)
    at require (node:internal/modules/helpers:177:18)
    at requirePage (/home/alvee/Desktop/watch-party-companion/node_modules/next/dist/server/require.js:109:84)
    at /home/alvee/Desktop/watch-party-companion/node_modules/next/dist/server/load-components.js:103:84
    at async loadComponentsImpl (/home/alvee/Desktop/watch-party-companion/node_modules/next/dist/server/load-components.js:103:26)
    at async DevServer.findPageComponentsImpl (/home/alvee/Desktop/watch-party-companion/node_modules/next/dist/server/next-server.js:714:36)
    at async DevServer.findPageComponents (/home/alvee/Desktop/watch-party-companion/node_modules/next/dist/server/dev/next-dev-server.js:577:20)
    at async DevServer.renderPageComponent (/home/alvee/Desktop/watch-party-companion/node_modules/next/dist/server/base-server.js:1910:24)
    at async DevServer.renderToResponseImpl (/home/alvee/Desktop/watch-party-companion/node_modules/next/dist/server/base-server.js:1962:32)
    at async DevServer.pipeImpl (/home/alvee/Desktop/watch-party-companion/node_modules/next/dist/server/base-server.js:922:25)
    at async NextNodeServer.handleCatchallRenderRequest (/home/alvee/Desktop/watch-party-companion/node_modules/next/dist/server/next-server.js:272:17)
    at async DevServer.handleRequestImpl (/home/alvee/Desktop/watch-party-companion/node_modules/next/dist/server/base-server.js:818:17)
    at async /home/alvee/Desktop/watch-party-companion/node_modules/next/dist/server/dev/next-dev-server.js:339:20 {
  page: '/api/himovies/movies'
}
 [31m[1m⨯[22m[39m ReferenceError: File is not defined
    at eval (webpack-internal:///(rsc)/./node_modules/undici/lib/web/webidl/index.js:531:48)
    at (rsc)/./node_modules/undici/lib/web/webidl/index.js (/home/alvee/Desktop/watch-party-companion/.next/server/vendor-chunks/undici.js:930:1)
    at __webpack_require__ (/home/alvee/Desktop/watch-party-companion/.next/server/webpack-runtime.js:33:43)
    at eval (webpack-internal:///(rsc)/./node_modules/undici/lib/web/fetch/util.js:12:20)
    at (rsc)/./node_modules/undici/lib/web/fetch/util.js (/home/alvee/Desktop/watch-party-companion/.next/server/vendor-chunks/undici.js:910:1)
    at __webpack_require__ (/home/alvee/Desktop/watch-party-companion/.next/server/webpack-runtime.js:33:43)
    at eval (webpack-internal:///(rsc)/./node_modules/undici/lib/web/fetch/headers.js:11:5)
    at (rsc)/./node_modules/undici/lib/web/fetch/headers.js (/home/alvee/Desktop/watch-party-companion/.next/server/vendor-chunks/undici.js:870:1)
    at __webpack_require__ (/home/alvee/Desktop/watch-party-companion/.next/server/webpack-runtime.js:33:43)
    at eval (webpack-internal:///(rsc)/./node_modules/undici/lib/web/fetch/response.js:3:90)
    at (rsc)/./node_modules/undici/lib/web/fetch/response.js (/home/alvee/Desktop/watch-party-companion/.next/server/vendor-chunks/undici.js:900:1)
    at __webpack_require__ (/home/alvee/Desktop/watch-party-companion/.next/server/webpack-runtime.js:33:43)
    at eval (webpack-internal:///(rsc)/./node_modules/undici/lib/web/fetch/index.js:12:5)
    at (rsc)/./node_modules/undici/lib/web/fetch/index.js (/home/alvee/Desktop/watch-party-companion/.next/server/vendor-chunks/undici.js:880:1)
    at __webpack_require__ (/home/alvee/Desktop/watch-party-companion/.next/server/webpack-runtime.js:33:43)
    at eval (webpack-internal:///(rsc)/./node_modules/undici/index.js:119:20)
    at (rsc)/./node_modules/undici/index.js (/home/alvee/Desktop/watch-party-companion/.next/server/vendor-chunks/undici.js:20:1)
    at __webpack_require__ (/home/alvee/Desktop/watch-party-companion/.next/server/webpack-runtime.js:33:43)
    at eval (webpack-internal:///(rsc)/./node_modules/cheerio/dist/esm/index.js:17:64)
    at (rsc)/./node_modules/cheerio/dist/esm/index.js (/home/alvee/Desktop/watch-party-companion/.next/server/vendor-chunks/cheerio.js:90:1)
    at __webpack_require__ (/home/alvee/Desktop/watch-party-companion/.next/server/webpack-runtime.js:33:43)
    at eval (webpack-internal:///(rsc)/./src/app/api/himovies/movies/route.ts:7:65)
    at (rsc)/./src/app/api/himovies/movies/route.ts (/home/alvee/Desktop/watch-party-companion/.next/server/app/api/himovies/movies/route.js:442:1)
    at __webpack_require__ (/home/alvee/Desktop/watch-party-companion/.next/server/webpack-runtime.js:33:43)
    at eval (webpack-internal:///(rsc)/./node_modules/next/dist/build/webpack/loaders/next-app-loader.js?name=app%2Fapi%2Fhimovies%2Fmovies%2Froute&page=%2Fapi%2Fhimovies%2Fmovies%2Froute&appPaths=&pagePath=private-next-app-dir%2Fapi%2Fhimovies%2Fmovies%2Froute.ts&appDir=%2Fhome%2Falvee%2FDesktop%2Fwatch-party-companion%2Fsrc%2Fapp&pageExtensions=tsx&pageExtensions=ts&pageExtensions=jsx&pageExtensions=js&rootDir=%2Fhome%2Falvee%2FDesktop%2Fwatch-party-companion&isDev=true&tsconfigPath=tsconfig.json&basePath=&assetPrefix=&nextConfigOutput=&preferredRegion=&middlewareConfig=e30%3D!:15:136)
    at (rsc)/./node_modules/next/dist/build/webpack/loaders/next-app-loader.js?name=app%2Fapi%2Fhimovies%2Fmovies%2Froute&page=%2Fapi%2Fhimovies%2Fmovies%2Froute&appPaths=&pagePath=private-next-app-dir%2Fapi%2Fhimovies%2Fmovies%2Froute.ts&appDir=%2Fhome%2Falvee%2FDesktop%2Fwatch-party-companion%2Fsrc%2Fapp&pageExtensions=tsx&pageExtensions=ts&pageExtensions=jsx&pageExtensions=js&rootDir=%2Fhome%2Falvee%2FDesktop%2Fwatch-party-companion&isDev=true&tsconfigPath=tsconfig.json&basePath=&assetPrefix=&nextConfigOutput=&preferredRegion=&middlewareConfig=e30%3D! (/home/alvee/Desktop/watch-party-companion/.next/server/app/api/himovies/movies/route.js:432:1)
    at __webpack_require__ (/home/alvee/Desktop/watch-party-companion/.next/server/webpack-runtime.js:33:43)
    at __webpack_exec__ (/home/alvee/Desktop/watch-party-companion/.next/server/app/api/himovies/movies/route.js:452:39)
    at /home/alvee/Desktop/watch-party-companion/.next/server/app/api/himovies/movies/route.js:453:1459
    at __webpack_require__.X (/home/alvee/Desktop/watch-party-companion/.next/server/webpack-runtime.js:168:21)
    at /home/alvee/Desktop/watch-party-companion/.next/server/app/api/himovies/movies/route.js:453:47
    at Object.<anonymous> (/home/alvee/Desktop/watch-party-companion/.next/server/app/api/himovies/movies/route.js:456:3)
    at Module._compile (node:internal/modules/cjs/loader:1364:14)
    at Module._extensions..js (node:internal/modules/cjs/loader:1422:10)
    at Module.load (node:internal/modules/cjs/loader:1203:32)
    at Module._load (node:internal/modules/cjs/loader:1019:12)
    at Module.require (node:internal/modules/cjs/loader:1231:19)
    at mod.require (/home/alvee/Desktop/watch-party-companion/node_modules/next/dist/server/require-hook.js:65:28)
    at require (node:internal/modules/helpers:177:18)
    at requirePage (/home/alvee/Desktop/watch-party-companion/node_modules/next/dist/server/require.js:109:84)
    at /home/alvee/Desktop/watch-party-companion/node_modules/next/dist/server/load-components.js:103:84
    at async loadComponentsImpl (/home/alvee/Desktop/watch-party-companion/node_modules/next/dist/server/load-components.js:103:26)
    at async DevServer.findPageComponentsImpl (/home/alvee/Desktop/watch-party-companion/node_modules/next/dist/server/next-server.js:714:36)
    at async DevServer.findPageComponents (/home/alvee/Desktop/watch-party-companion/node_modules/next/dist/server/dev/next-dev-server.js:577:20)
    at async DevServer.renderPageComponent (/home/alvee/Desktop/watch-party-companion/node_modules/next/dist/server/base-server.js:1910:24)
    at async DevServer.renderToResponseImpl (/home/alvee/Desktop/watch-party-companion/node_modules/next/dist/server/base-server.js:1962:32)
    at async DevServer.pipeImpl (/home/alvee/Desktop/watch-party-companion/node_modules/next/dist/server/base-server.js:922:25)
    at async NextNodeServer.handleCatchallRenderRequest (/home/alvee/Desktop/watch-party-companion/node_modules/next/dist/server/next-server.js:272:17)
    at async DevServer.handleRequestImpl (/home/alvee/Desktop/watch-party-companion/node_modules/next/dist/server/base-server.js:818:17)
    at async /home/alvee/Desktop/watch-party-companion/node_modules/next/dist/server/dev/next-dev-server.js:339:20 {
  page: '/api/himovies/movies'
}
 [31m[1m⨯[22m[39m ReferenceError: File is not defined
    at eval (webpack-internal:///(rsc)/./node_modules/undici/lib/web/webidl/index.js:531:48)
    at (rsc)/./node_modules/undici/lib/web/webidl/index.js (/home/alvee/Desktop/watch-party-companion/.next/server/vendor-chunks/undici.js:930:1)
    at __webpack_require__ (/home/alvee/Desktop/watch-party-companion/.next/server/webpack-runtime.js:33:43)
    at eval (webpack-internal:///(rsc)/./node_modules/undici/lib/web/fetch/util.js:12:20)
    at (rsc)/./node_modules/undici/lib/web/fetch/util.js (/home/alvee/Desktop/watch-party-companion/.next/server/vendor-chunks/undici.js:910:1)
    at __webpack_require__ (/home/alvee/Desktop/watch-party-companion/.next/server/webpack-runtime.js:33:43)
    at eval (webpack-internal:///(rsc)/./node_modules/undici/lib/web/fetch/headers.js:11:5)
    at (rsc)/./node_modules/undici/lib/web/fetch/headers.js (/home/alvee/Desktop/watch-party-companion/.next/server/vendor-chunks/undici.js:870:1)
    at __webpack_require__ (/home/alvee/Desktop/watch-party-companion/.next/server/webpack-runtime.js:33:43)
    at eval (webpack-internal:///(rsc)/./node_modules/undici/lib/web/fetch/response.js:3:90)
    at (rsc)/./node_modules/undici/lib/web/fetch/response.js (/home/alvee/Desktop/watch-party-companion/.next/server/vendor-chunks/undici.js:900:1)
    at __webpack_require__ (/home/alvee/Desktop/watch-party-companion/.next/server/webpack-runtime.js:33:43)
    at eval (webpack-internal:///(rsc)/./node_modules/undici/lib/web/fetch/index.js:12:5)
    at (rsc)/./node_modules/undici/lib/web/fetch/index.js (/home/alvee/Desktop/watch-party-companion/.next/server/vendor-chunks/undici.js:880:1)
    at __webpack_require__ (/home/alvee/Desktop/watch-party-companion/.next/server/webpack-runtime.js:33:43)
    at eval (webpack-internal:///(rsc)/./node_modules/undici/index.js:119:20)
    at (rsc)/./node_modules/undici/index.js (/home/alvee/Desktop/watch-party-companion/.next/server/vendor-chunks/undici.js:20:1)
    at __webpack_require__ (/home/alvee/Desktop/watch-party-companion/.next/server/webpack-runtime.js:33:43)
    at eval (webpack-internal:///(rsc)/./node_modules/cheerio/dist/esm/index.js:17:64)
    at (rsc)/./node_modules/cheerio/dist/esm/index.js (/home/alvee/Desktop/watch-party-companion/.next/server/vendor-chunks/cheerio.js:90:1)
    at __webpack_require__ (/home/alvee/Desktop/watch-party-companion/.next/server/webpack-runtime.js:33:43)
    at eval (webpack-internal:///(rsc)/./src/app/api/himovies/movies/route.ts:7:65)
    at (rsc)/./src/app/api/himovies/movies/route.ts (/home/alvee/Desktop/watch-party-companion/.next/server/app/api/himovies/movies/route.js:442:1)
    at __webpack_require__ (/home/alvee/Desktop/watch-party-companion/.next/server/webpack-runtime.js:33:43)
    at eval (webpack-internal:///(rsc)/./node_modules/next/dist/build/webpack/loaders/next-app-loader.js?name=app%2Fapi%2Fhimovies%2Fmovies%2Froute&page=%2Fapi%2Fhimovies%2Fmovies%2Froute&appPaths=&pagePath=private-next-app-dir%2Fapi%2Fhimovies%2Fmovies%2Froute.ts&appDir=%2Fhome%2Falvee%2FDesktop%2Fwatch-party-companion%2Fsrc%2Fapp&pageExtensions=tsx&pageExtensions=ts&pageExtensions=jsx&pageExtensions=js&rootDir=%2Fhome%2Falvee%2FDesktop%2Fwatch-party-companion&isDev=true&tsconfigPath=tsconfig.json&basePath=&assetPrefix=&nextConfigOutput=&preferredRegion=&middlewareConfig=e30%3D!:15:136)
    at (rsc)/./node_modules/next/dist/build/webpack/loaders/next-app-loader.js?name=app%2Fapi%2Fhimovies%2Fmovies%2Froute&page=%2Fapi%2Fhimovies%2Fmovies%2Froute&appPaths=&pagePath=private-next-app-dir%2Fapi%2Fhimovies%2Fmovies%2Froute.ts&appDir=%2Fhome%2Falvee%2FDesktop%2Fwatch-party-companion%2Fsrc%2Fapp&pageExtensions=tsx&pageExtensions=ts&pageExtensions=jsx&pageExtensions=js&rootDir=%2Fhome%2Falvee%2FDesktop%2Fwatch-party-companion&isDev=true&tsconfigPath=tsconfig.json&basePath=&assetPrefix=&nextConfigOutput=&preferredRegion=&middlewareConfig=e30%3D! (/home/alvee/Desktop/watch-party-companion/.next/server/app/api/himovies/movies/route.js:432:1)
    at __webpack_require__ (/home/alvee/Desktop/watch-party-companion/.next/server/webpack-runtime.js:33:43)
    at __webpack_exec__ (/home/alvee/Desktop/watch-party-companion/.next/server/app/api/himovies/movies/route.js:452:39)
    at /home/alvee/Desktop/watch-party-companion/.next/server/app/api/himovies/movies/route.js:453:1459
    at __webpack_require__.X (/home/alvee/Desktop/watch-party-companion/.next/server/webpack-runtime.js:168:21)
    at /home/alvee/Desktop/watch-party-companion/.next/server/app/api/himovies/movies/route.js:453:47
    at Object.<anonymous> (/home/alvee/Desktop/watch-party-companion/.next/server/app/api/himovies/movies/route.js:456:3)
    at Module._compile (node:internal/modules/cjs/loader:1364:14)
    at Module._extensions..js (node:internal/modules/cjs/loader:1422:10)
    at Module.load (node:internal/modules/cjs/loader:1203:32)
    at Module._load (node:internal/modules/cjs/loader:1019:12)
    at Module.require (node:internal/modules/cjs/loader:1231:19)
    at mod.require (/home/alvee/Desktop/watch-party-companion/node_modules/next/dist/server/require-hook.js:65:28)
    at require (node:internal/modules/helpers:177:18)
    at requirePage (/home/alvee/Desktop/watch-party-companion/node_modules/next/dist/server/require.js:109:84)
    at /home/alvee/Desktop/watch-party-companion/node_modules/next/dist/server/load-components.js:103:84
    at async loadComponentsImpl (/home/alvee/Desktop/watch-party-companion/node_modules/next/dist/server/load-components.js:103:26)
    at async DevServer.findPageComponentsImpl (/home/alvee/Desktop/watch-party-companion/node_modules/next/dist/server/next-server.js:714:36)
    at async DevServer.findPageComponents (/home/alvee/Desktop/watch-party-companion/node_modules/next/dist/server/dev/next-dev-server.js:577:20)
    at async DevServer.renderPageComponent (/home/alvee/Desktop/watch-party-companion/node_modules/next/dist/server/base-server.js:1910:24)
    at async DevServer.renderToResponseImpl (/home/alvee/Desktop/watch-party-companion/node_modules/next/dist/server/base-server.js:1962:32)
    at async DevServer.pipeImpl (/home/alvee/Desktop/watch-party-companion/node_modules/next/dist/server/base-server.js:922:25)
    at async NextNodeServer.handleCatchallRenderRequest (/home/alvee/Desktop/watch-party-companion/node_modules/next/dist/server/next-server.js:272:17)
    at async DevServer.handleRequestImpl (/home/alvee/Desktop/watch-party-companion/node_modules/next/dist/server/base-server.js:818:17)
    at async /home/alvee/Desktop/watch-party-companion/node_modules/next/dist/server/dev/next-dev-server.js:339:20 {
  page: '/api/himovies/movies'
}
 [31m[1m⨯[22m[39m ReferenceError: File is not defined
    at eval (webpack-internal:///(rsc)/./node_modules/undici/lib/web/webidl/index.js:531:48)
    at (rsc)/./node_modules/undici/lib/web/webidl/index.js (/home/alvee/Desktop/watch-party-companion/.next/server/vendor-chunks/undici.js:930:1)
    at __webpack_require__ (/home/alvee/Desktop/watch-party-companion/.next/server/webpack-runtime.js:33:43)
    at eval (webpack-internal:///(rsc)/./node_modules/undici/lib/web/fetch/util.js:12:20)
    at (rsc)/./node_modules/undici/lib/web/fetch/util.js (/home/alvee/Desktop/watch-party-companion/.next/server/vendor-chunks/undici.js:910:1)
    at __webpack_require__ (/home/alvee/Desktop/watch-party-companion/.next/server/webpack-runtime.js:33:43)
    at eval (webpack-internal:///(rsc)/./node_modules/undici/lib/web/fetch/headers.js:11:5)
    at (rsc)/./node_modules/undici/lib/web/fetch/headers.js (/home/alvee/Desktop/watch-party-companion/.next/server/vendor-chunks/undici.js:870:1)
    at __webpack_require__ (/home/alvee/Desktop/watch-party-companion/.next/server/webpack-runtime.js:33:43)
    at eval (webpack-internal:///(rsc)/./node_modules/undici/lib/web/fetch/response.js:3:90)
    at (rsc)/./node_modules/undici/lib/web/fetch/response.js (/home/alvee/Desktop/watch-party-companion/.next/server/vendor-chunks/undici.js:900:1)
    at __webpack_require__ (/home/alvee/Desktop/watch-party-companion/.next/server/webpack-runtime.js:33:43)
    at eval (webpack-internal:///(rsc)/./node_modules/undici/lib/web/fetch/index.js:12:5)
    at (rsc)/./node_modules/undici/lib/web/fetch/index.js (/home/alvee/Desktop/watch-party-companion/.next/server/vendor-chunks/undici.js:880:1)
    at __webpack_require__ (/home/alvee/Desktop/watch-party-companion/.next/server/webpack-runtime.js:33:43)
    at eval (webpack-internal:///(rsc)/./node_modules/undici/index.js:119:20)
    at (rsc)/./node_modules/undici/index.js (/home/alvee/Desktop/watch-party-companion/.next/server/vendor-chunks/undici.js:20:1)
    at __webpack_require__ (/home/alvee/Desktop/watch-party-companion/.next/server/webpack-runtime.js:33:43)
    at eval (webpack-internal:///(rsc)/./node_modules/cheerio/dist/esm/index.js:17:64)
    at (rsc)/./node_modules/cheerio/dist/esm/index.js (/home/alvee/Desktop/watch-party-companion/.next/server/vendor-chunks/cheerio.js:90:1)
    at __webpack_require__ (/home/alvee/Desktop/watch-party-companion/.next/server/webpack-runtime.js:33:43)
    at eval (webpack-internal:///(rsc)/./src/app/api/himovies/movies/route.ts:7:65)
    at (rsc)/./src/app/api/himovies/movies/route.ts (/home/alvee/Desktop/watch-party-companion/.next/server/app/api/himovies/movies/route.js:442:1)
    at __webpack_require__ (/home/alvee/Desktop/watch-party-companion/.next/server/webpack-runtime.js:33:43)
    at eval (webpack-internal:///(rsc)/./node_modules/next/dist/build/webpack/loaders/next-app-loader.js?name=app%2Fapi%2Fhimovies%2Fmovies%2Froute&page=%2Fapi%2Fhimovies%2Fmovies%2Froute&appPaths=&pagePath=private-next-app-dir%2Fapi%2Fhimovies%2Fmovies%2Froute.ts&appDir=%2Fhome%2Falvee%2FDesktop%2Fwatch-party-companion%2Fsrc%2Fapp&pageExtensions=tsx&pageExtensions=ts&pageExtensions=jsx&pageExtensions=js&rootDir=%2Fhome%2Falvee%2FDesktop%2Fwatch-party-companion&isDev=true&tsconfigPath=tsconfig.json&basePath=&assetPrefix=&nextConfigOutput=&preferredRegion=&middlewareConfig=e30%3D!:15:136)
    at (rsc)/./node_modules/next/dist/build/webpack/loaders/next-app-loader.js?name=app%2Fapi%2Fhimovies%2Fmovies%2Froute&page=%2Fapi%2Fhimovies%2Fmovies%2Froute&appPaths=&pagePath=private-next-app-dir%2Fapi%2Fhimovies%2Fmovies%2Froute.ts&appDir=%2Fhome%2Falvee%2FDesktop%2Fwatch-party-companion%2Fsrc%2Fapp&pageExtensions=tsx&pageExtensions=ts&pageExtensions=jsx&pageExtensions=js&rootDir=%2Fhome%2Falvee%2FDesktop%2Fwatch-party-companion&isDev=true&tsconfigPath=tsconfig.json&basePath=&assetPrefix=&nextConfigOutput=&preferredRegion=&middlewareConfig=e30%3D! (/home/alvee/Desktop/watch-party-companion/.next/server/app/api/himovies/movies/route.js:432:1)
    at __webpack_require__ (/home/alvee/Desktop/watch-party-companion/.next/server/webpack-runtime.js:33:43)
    at __webpack_exec__ (/home/alvee/Desktop/watch-party-companion/.next/server/app/api/himovies/movies/route.js:452:39)
    at /home/alvee/Desktop/watch-party-companion/.next/server/app/api/himovies/movies/route.js:453:1459
    at __webpack_require__.X (/home/alvee/Desktop/watch-party-companion/.next/server/webpack-runtime.js:168:21)
    at /home/alvee/Desktop/watch-party-companion/.next/server/app/api/himovies/movies/route.js:453:47
    at Object.<anonymous> (/home/alvee/Desktop/watch-party-companion/.next/server/app/api/himovies/movies/route.js:456:3)
    at Module._compile (node:internal/modules/cjs/loader:1364:14)
    at Module._extensions..js (node:internal/modules/cjs/loader:1422:10)
    at Module.load (node:internal/modules/cjs/loader:1203:32)
    at Module._load (node:internal/modules/cjs/loader:1019:12)
    at Module.require (node:internal/modules/cjs/loader:1231:19)
    at mod.require (/home/alvee/Desktop/watch-party-companion/node_modules/next/dist/server/require-hook.js:65:28)
    at require (node:internal/modules/helpers:177:18)
    at requirePage (/home/alvee/Desktop/watch-party-companion/node_modules/next/dist/server/require.js:109:84)
    at /home/alvee/Desktop/watch-party-companion/node_modules/next/dist/server/load-components.js:103:84
    at async loadComponentsImpl (/home/alvee/Desktop/watch-party-companion/node_modules/next/dist/server/load-components.js:103:26)
    at async DevServer.findPageComponentsImpl (/home/alvee/Desktop/watch-party-companion/node_modules/next/dist/server/next-server.js:714:36)
    at async DevServer.findPageComponents (/home/alvee/Desktop/watch-party-companion/node_modules/next/dist/server/dev/next-dev-server.js:577:20)
    at async DevServer.renderPageComponent (/home/alvee/Desktop/watch-party-companion/node_modules/next/dist/server/base-server.js:1910:24)
    at async DevServer.renderToResponseImpl (/home/alvee/Desktop/watch-party-companion/node_modules/next/dist/server/base-server.js:1962:32)
    at async DevServer.pipeImpl (/home/alvee/Desktop/watch-party-companion/node_modules/next/dist/server/base-server.js:922:25)
    at async NextNodeServer.handleCatchallRenderRequest (/home/alvee/Desktop/watch-party-companion/node_modules/next/dist/server/next-server.js:272:17)
    at async DevServer.handleRequestImpl (/home/alvee/Desktop/watch-party-companion/node_modules/next/dist/server/base-server.js:818:17)
    at async /home/alvee/Desktop/watch-party-companion/node_modules/next/dist/server/dev/next-dev-server.js:339:20 {
  page: '/api/himovies/movies'
}
 [31m[1m⨯[22m[39m ReferenceError: File is not defined
    at eval (webpack-internal:///(rsc)/./node_modules/undici/lib/web/webidl/index.js:531:48)
    at (rsc)/./node_modules/undici/lib/web/webidl/index.js (/home/alvee/Desktop/watch-party-companion/.next/server/vendor-chunks/undici.js:930:1)
    at __webpack_require__ (/home/alvee/Desktop/watch-party-companion/.next/server/webpack-runtime.js:33:43)
    at eval (webpack-internal:///(rsc)/./node_modules/undici/lib/web/fetch/util.js:12:20)
    at (rsc)/./node_modules/undici/lib/web/fetch/util.js (/home/alvee/Desktop/watch-party-companion/.next/server/vendor-chunks/undici.js:910:1)
    at __webpack_require__ (/home/alvee/Desktop/watch-party-companion/.next/server/webpack-runtime.js:33:43)
    at eval (webpack-internal:///(rsc)/./node_modules/undici/lib/web/fetch/headers.js:11:5)
    at (rsc)/./node_modules/undici/lib/web/fetch/headers.js (/home/alvee/Desktop/watch-party-companion/.next/server/vendor-chunks/undici.js:870:1)
    at __webpack_require__ (/home/alvee/Desktop/watch-party-companion/.next/server/webpack-runtime.js:33:43)
    at eval (webpack-internal:///(rsc)/./node_modules/undici/lib/web/fetch/response.js:3:90)
    at (rsc)/./node_modules/undici/lib/web/fetch/response.js (/home/alvee/Desktop/watch-party-companion/.next/server/vendor-chunks/undici.js:900:1)
    at __webpack_require__ (/home/alvee/Desktop/watch-party-companion/.next/server/webpack-runtime.js:33:43)
    at eval (webpack-internal:///(rsc)/./node_modules/undici/lib/web/fetch/index.js:12:5)
    at (rsc)/./node_modules/undici/lib/web/fetch/index.js (/home/alvee/Desktop/watch-party-companion/.next/server/vendor-chunks/undici.js:880:1)
    at __webpack_require__ (/home/alvee/Desktop/watch-party-companion/.next/server/webpack-runtime.js:33:43)
    at eval (webpack-internal:///(rsc)/./node_modules/undici/index.js:119:20)
    at (rsc)/./node_modules/undici/index.js (/home/alvee/Desktop/watch-party-companion/.next/server/vendor-chunks/undici.js:20:1)
    at __webpack_require__ (/home/alvee/Desktop/watch-party-companion/.next/server/webpack-runtime.js:33:43)
    at eval (webpack-internal:///(rsc)/./node_modules/cheerio/dist/esm/index.js:17:64)
    at (rsc)/./node_modules/cheerio/dist/esm/index.js (/home/alvee/Desktop/watch-party-companion/.next/server/vendor-chunks/cheerio.js:90:1)
    at __webpack_require__ (/home/alvee/Desktop/watch-party-companion/.next/server/webpack-runtime.js:33:43)
    at eval (webpack-internal:///(rsc)/./src/app/api/himovies/movies/route.ts:7:65)
    at (rsc)/./src/app/api/himovies/movies/route.ts (/home/alvee/Desktop/watch-party-companion/.next/server/app/api/himovies/movies/route.js:442:1)
    at __webpack_require__ (/home/alvee/Desktop/watch-party-companion/.next/server/webpack-runtime.js:33:43)
    at eval (webpack-internal:///(rsc)/./node_modules/next/dist/build/webpack/loaders/next-app-loader.js?name=app%2Fapi%2Fhimovies%2Fmovies%2Froute&page=%2Fapi%2Fhimovies%2Fmovies%2Froute&appPaths=&pagePath=private-next-app-dir%2Fapi%2Fhimovies%2Fmovies%2Froute.ts&appDir=%2Fhome%2Falvee%2FDesktop%2Fwatch-party-companion%2Fsrc%2Fapp&pageExtensions=tsx&pageExtensions=ts&pageExtensions=jsx&pageExtensions=js&rootDir=%2Fhome%2Falvee%2FDesktop%2Fwatch-party-companion&isDev=true&tsconfigPath=tsconfig.json&basePath=&assetPrefix=&nextConfigOutput=&preferredRegion=&middlewareConfig=e30%3D!:15:136)
    at (rsc)/./node_modules/next/dist/build/webpack/loaders/next-app-loader.js?name=app%2Fapi%2Fhimovies%2Fmovies%2Froute&page=%2Fapi%2Fhimovies%2Fmovies%2Froute&appPaths=&pagePath=private-next-app-dir%2Fapi%2Fhimovies%2Fmovies%2Froute.ts&appDir=%2Fhome%2Falvee%2FDesktop%2Fwatch-party-companion%2Fsrc%2Fapp&pageExtensions=tsx&pageExtensions=ts&pageExtensions=jsx&pageExtensions=js&rootDir=%2Fhome%2Falvee%2FDesktop%2Fwatch-party-companion&isDev=true&tsconfigPath=tsconfig.json&basePath=&assetPrefix=&nextConfigOutput=&preferredRegion=&middlewareConfig=e30%3D! (/home/alvee/Desktop/watch-party-companion/.next/server/app/api/himovies/movies/route.js:432:1)
    at __webpack_require__ (/home/alvee/Desktop/watch-party-companion/.next/server/webpack-runtime.js:33:43)
    at __webpack_exec__ (/home/alvee/Desktop/watch-party-companion/.next/server/app/api/himovies/movies/route.js:452:39)
    at /home/alvee/Desktop/watch-party-companion/.next/server/app/api/himovies/movies/route.js:453:1459
    at __webpack_require__.X (/home/alvee/Desktop/watch-party-companion/.next/server/webpack-runtime.js:168:21)
    at /home/alvee/Desktop/watch-party-companion/.next/server/app/api/himovies/movies/route.js:453:47
    at Object.<anonymous> (/home/alvee/Desktop/watch-party-companion/.next/server/app/api/himovies/movies/route.js:456:3)
    at Module._compile (node:internal/modules/cjs/loader:1364:14)
    at Module._extensions..js (node:internal/modules/cjs/loader:1422:10)
    at Module.load (node:internal/modules/cjs/loader:1203:32)
    at Module._load (node:internal/modules/cjs/loader:1019:12)
    at Module.require (node:internal/modules/cjs/loader:1231:19)
    at mod.require (/home/alvee/Desktop/watch-party-companion/node_modules/next/dist/server/require-hook.js:65:28)
    at require (node:internal/modules/helpers:177:18)
    at requirePage (/home/alvee/Desktop/watch-party-companion/node_modules/next/dist/server/require.js:109:84)
    at /home/alvee/Desktop/watch-party-companion/node_modules/next/dist/server/load-components.js:103:84
    at async loadComponentsImpl (/home/alvee/Desktop/watch-party-companion/node_modules/next/dist/server/load-components.js:103:26)
    at async DevServer.findPageComponentsImpl (/home/alvee/Desktop/watch-party-companion/node_modules/next/dist/server/next-server.js:714:36)
    at async DevServer.findPageComponents (/home/alvee/Desktop/watch-party-companion/node_modules/next/dist/server/dev/next-dev-server.js:577:20)
    at async DevServer.renderPageComponent (/home/alvee/Desktop/watch-party-companion/node_modules/next/dist/server/base-server.js:1910:24)
    at async DevServer.renderToResponseImpl (/home/alvee/Desktop/watch-party-companion/node_modules/next/dist/server/base-server.js:1962:32)
    at async DevServer.pipeImpl (/home/alvee/Desktop/watch-party-companion/node_modules/next/dist/server/base-server.js:922:25)
    at async NextNodeServer.handleCatchallRenderRequest (/home/alvee/Desktop/watch-party-companion/node_modules/next/dist/server/next-server.js:272:17)
    at async DevServer.handleRequestImpl (/home/alvee/Desktop/watch-party-companion/node_modules/next/dist/server/base-server.js:818:17)
    at async /home/alvee/Desktop/watch-party-companion/node_modules/next/dist/server/dev/next-dev-server.js:339:20 {
  page: '/api/himovies/movies'
}
 [31m[1m⨯[22m[39m ./src/app/api/himovies/movies/route.ts
Error: 
  [31mx[0m the name `NextResponse` is defined multiple times
   ,-[[36;1;4m/home/alvee/Desktop/watch-party-companion/src/app/api/himovies/movies/route.ts[0m:1:1]
 [2m1[0m | import { NextResponse } from 'next/server';
   : [31;1m         ^^^^^^|^^^^^[0m
   :                [31;1m`-- [31;1mprevious definition of `NextResponse` here[0m[0m
 [2m2[0m | import { NextResponse } from 'next/server';
   : [33;1m         ^^^^^^|^^^^^[0m
   :                [33;1m`-- [33;1m`NextResponse` redefined here[0m[0m
 [2m3[0m | import axios from 'axios';
 [2m4[0m | import * as cheerio from 'cheerio';
 [2m5[0m | import 'web-file-polyfill';
   `----

Import trace for requested module:
./src/app/api/himovies/movies/route.ts
